
Showing logs for build [32mcb-kubecd-environment-pr-187-19-52mh6-1[0m stage [32mfrom-build-pack[0m and container [32mstep-credential-initializer-n224b[0m
{"level":"warn","ts":1585098257.048892,"logger":"fallback-logger","caller":"logging/config.go:69","msg":"Fetch GitHub commit ID from kodata failed: \"ref: refs/heads/0.8.0-**-support-backwards-incompats\" is not a valid GitHub commit ID"}
{"level":"info","ts":1585098257.049499,"logger":"fallback-logger","caller":"creds-init/main.go:40","msg":"Credentials initialized."}

Showing logs for build [32mcb-kubecd-environment-pr-187-19-52mh6-1[0m stage [32mfrom-build-pack[0m and container [32mstep-working-dir-initializer-v4tg5[0m
{"level":"warn","ts":1585098258.0036166,"logger":"fallback-logger","caller":"logging/config.go:69","msg":"Fetch GitHub commit ID from kodata failed: open /var/run/ko/HEAD: no such file or directory"}
{"level":"info","ts":1585098258.0054293,"logger":"fallback-logger","caller":"bash/main.go:64","msg":"Successfully executed command \"sh -c mkdir -p /workspace/source\"; output "}

Showing logs for build [32mcb-kubecd-environment-pr-187-19-52mh6-1[0m stage [32mfrom-build-pack[0m and container [32mstep-place-tools[0m

Showing logs for build [32mcb-kubecd-environment-pr-187-19-52mh6-1[0m stage [32mfrom-build-pack[0m and container [32mstep-git-source-cb-kubecd-environment-pr-187-19-52mh6-sldfd[0m
{"level":"warn","ts":1585098263.170082,"logger":"fallback-logger","caller":"logging/config.go:69","msg":"Fetch GitHub commit ID from kodata failed: \"ref: refs/heads/0.8.0-**-support-backwards-incompats\" is not a valid GitHub commit ID"}
{"level":"info","ts":1585098264.2016547,"logger":"fallback-logger","caller":"git/git.go:103","msg":"Successfully cloned https://github.com/cb-kubecd/environment-pr-187-192-gke-upgrade-production.git @ master in path /workspace/source"}

Showing logs for build [32mcb-kubecd-environment-pr-187-19-52mh6-1[0m stage [32mfrom-build-pack[0m and container [32mstep-git-merge[0m
Using SHAs from PULL_REFS=master:20d7a534c63431de145655ffdf177a0d3d7dd647,1:e45a25e749c99bbdacb17fe76b8da4d3f6f51c01
DEBUG: JX_LOG_LEVEL=error LC_ALL=C git fetch origin --unshallow e45a25e749c99bbdacb17fe76b8da4d3f6f51c01: 20d7a534c63431de145655ffdf177a0d3d7dd647:
DEBUG: ran git fetch --unshallow origin e45a25e749c99bbdacb17fe76b8da4d3f6f51c01: 20d7a534c63431de145655ffdf177a0d3d7dd647: in 
DEBUG: JX_LOG_LEVEL=error LC_ALL=C git branch
DEBUG: LC_ALL=C JX_LOG_LEVEL=error git checkout master
DEBUG: ran git checkout master in 
DEBUG: LC_ALL=C JX_LOG_LEVEL=error git reset --hard 20d7a534c63431de145655ffdf177a0d3d7dd647
DEBUG: ran git reset --hard 20d7a534c63431de145655ffdf177a0d3d7dd647 in 
DEBUG: LC_ALL=C JX_LOG_LEVEL=error git clean -fd .
DEBUG: ran clean --force -d . in 
DEBUG: LC_ALL=C JX_LOG_LEVEL=error git merge e45a25e749c99bbdacb17fe76b8da4d3f6f51c01
DEBUG: ran git merge e45a25e749c99bbdacb17fe76b8da4d3f6f51c01 in 
DEBUG: LC_ALL=C JX_LOG_LEVEL=error git log --format=%H%x1f%an%x1f%ae%x1f%cn%x1f%ce%x1f%s%n%b%x1e 20d7a534c63431de145655ffdf177a0d3d7dd647..HEAD
Merged SHA e45a25e749c99bbdacb17fe76b8da4d3f6f51c01 with commit message 'chore: Promote bdd-spring-1585096761 to version 0.0.1' into base branch master

Showing logs for build [32mcb-kubecd-environment-pr-187-19-52mh6-1[0m stage [32mfrom-build-pack[0m and container [32mstep-build-helm-build[0m
WARNING: No $CHART_REPOSITORY defined so using the default value of: http://jenkins-x-chartmuseum:8080
Adding missing Helm repo: storage.googleapis.com https://storage.googleapis.com/chartmuseum.jenkins-x.io
WARNING: No secrets found on "helm/repos" due: reading the secret "helm/repos" from vault: no secret "helm/repos" not found in vault
Read credentials for https://storage.googleapis.com/chartmuseum.jenkins-x.io from vault helm/repos
Successfully added Helm repository storage.googleapis.com.
Adding missing Helm repo: jenkins-x-chartmuseum http://jenkins-x-chartmuseum:8080
WARNING: No secrets found on "helm/repos" due: reading the secret "helm/repos" from vault: no secret "helm/repos" not found in vault
Read credentials for http://jenkins-x-chartmuseum:8080 from vault helm/repos
Successfully added Helm repository jenkins-x-chartmuseum.
WARNING: No $CHART_REPOSITORY defined so using the default value of: http://jenkins-x-chartmuseum:8080
Adding missing Helm repo: chartmuseum.jenkins-x.io http://chartmuseum.jenkins-x.io
WARNING: No secrets found on "helm/repos" due: reading the secret "helm/repos" from vault: no secret "helm/repos" not found in vault
Read credentials for http://chartmuseum.jenkins-x.io from vault helm/repos
Successfully added Helm repository chartmuseum.jenkins-x.io.
